10:16:12.435 INFO  [background-preinit]org.hibernate.validator.internal.util.Version - HV000001: Hibernate Validator 8.0.3.Final
10:16:12.501 INFO  [restartedMain]com.example.quiz_1150119.Quiz1150119Application - Starting Quiz1150119Application using Java 17.0.18 with PID 20856 (C:\Users\yoyo\eclipse-workspace\quiz_1150119\bin\main started by yoyo in C:\Users\yoyo\eclipse-workspace\quiz_1150119)
10:16:12.503 INFO  [restartedMain]com.example.quiz_1150119.Quiz1150119Application - No active profile set, falling back to 1 default profile: "default"
10:16:12.557 INFO  [restartedMain]o.s.b.d.env.DevToolsPropertyDefaultsPostProcessor - Devtools property defaults active! Set 'spring.devtools.add-properties' to 'false' to disable
10:16:12.559 INFO  [restartedMain]o.s.b.d.env.DevToolsPropertyDefaultsPostProcessor - For additional web related logging consider setting the 'logging.level.web' property to 'DEBUG'
10:16:13.355 INFO  [restartedMain]o.s.d.r.config.RepositoryConfigurationDelegate - Bootstrapping Spring Data JPA repositories in DEFAULT mode.
10:16:13.430 INFO  [restartedMain]o.s.d.r.config.RepositoryConfigurationDelegate - Finished Spring Data repository scanning in 64 ms. Found 4 JPA repository interfaces.
10:16:14.193 INFO  [restartedMain]o.s.boot.web.embedded.tomcat.TomcatWebServer - Tomcat initialized with port 8080 (http)
10:16:14.214 INFO  [restartedMain]org.apache.coyote.http11.Http11NioProtocol - Initializing ProtocolHandler ["http-nio-8080"]
10:16:14.216 INFO  [restartedMain]org.apache.catalina.core.StandardService - Starting service [Tomcat]
10:16:14.216 INFO  [restartedMain]org.apache.catalina.core.StandardEngine - Starting Servlet engine: [Apache Tomcat/10.1.53]
10:16:14.286 INFO  [restartedMain]o.a.c.core.ContainerBase.[Tomcat].[localhost].[/] - Initializing Spring embedded WebApplicationContext
10:16:14.286 INFO  [restartedMain]o.s.b.w.s.c.ServletWebServerApplicationContext - Root WebApplicationContext: initialization completed in 1727 ms
10:16:14.520 INFO  [restartedMain]com.zaxxer.hikari.HikariDataSource - HikariPool-1 - Starting...
10:16:14.796 INFO  [restartedMain]com.zaxxer.hikari.pool.HikariPool - HikariPool-1 - Added connection com.mysql.cj.jdbc.ConnectionImpl@47c33125
10:16:14.800 INFO  [restartedMain]com.zaxxer.hikari.HikariDataSource - HikariPool-1 - Start completed.
10:16:14.859 INFO  [restartedMain]org.hibernate.jpa.internal.util.LogHelper - HHH000204: Processing PersistenceUnitInfo [name: default]
10:16:14.927 INFO  [restartedMain]org.hibernate.Version - HHH000412: Hibernate ORM core version 6.6.45.Final
10:16:14.967 INFO  [restartedMain]o.hibernate.cache.internal.RegionFactoryInitiator - HHH000026: Second-level cache disabled
10:16:15.319 INFO  [restartedMain]o.s.o.j.persistenceunit.SpringPersistenceUnitInfo - No LoadTimeWeaver setup: ignoring JPA class transformer
10:16:15.445 INFO  [restartedMain]org.hibernate.orm.connections.pooling - HHH10001005: Database info:
	Database JDBC URL [Connecting through datasource 'HikariDataSource (HikariPool-1)']
	Database driver: undefined/unknown
	Database version: 8.0.45
	Autocommit mode: undefined/unknown
	Isolation level: undefined/unknown
	Minimum pool size: undefined/unknown
	Maximum pool size: undefined/unknown
10:16:16.303 INFO  [restartedMain]o.h.e.t.jta.platform.internal.JtaPlatformInitiator - HHH000489: No JTA platform available (set 'hibernate.transaction.jta.platform' to enable JTA platform integration)
10:16:16.306 INFO  [restartedMain]o.s.orm.jpa.LocalContainerEntityManagerFactoryBean - Initialized JPA EntityManagerFactory for persistence unit 'default'
10:16:16.621 INFO  [restartedMain]o.s.data.jpa.repository.query.QueryEnhancerFactory - Hibernate is in classpath; If applicable, HQL parser will be used.
10:16:16.854 WARN  [restartedMain]o.s.b.a.o.j.JpaBaseConfiguration$JpaWebConfiguration - spring.jpa.open-in-view is enabled by default. Therefore, database queries may be performed during view rendering. Explicitly configure spring.jpa.open-in-view to disable this warning
10:16:17.367 INFO  [restartedMain]o.s.b.d.autoconfigure.OptionalLiveReloadServer - LiveReload server is running on port 35729
10:16:17.385 INFO  [restartedMain]org.apache.coyote.http11.Http11NioProtocol - Starting ProtocolHandler ["http-nio-8080"]
10:16:17.431 INFO  [restartedMain]o.s.boot.web.embedded.tomcat.TomcatWebServer - Tomcat started on port 8080 (http) with context path '/'
10:16:17.443 INFO  [restartedMain]com.example.quiz_1150119.Quiz1150119Application - Started Quiz1150119Application in 5.45 seconds (process running for 5.834)
10:29:07.235 WARN  [HikariPool-1:housekeeper]com.zaxxer.hikari.pool.HikariPool - HikariPool-1 - Thread starvation or clock leap detected (housekeeper delta=2m22s189ms900µs599ns).
10:32:14.816 INFO  [http-nio-8080-exec-1]o.a.c.core.ContainerBase.[Tomcat].[localhost].[/] - Initializing Spring DispatcherServlet 'dispatcherServlet'
10:32:14.820 INFO  [http-nio-8080-exec-1]org.springframework.web.servlet.DispatcherServlet - Initializing Servlet 'dispatcherServlet'
10:32:14.860 INFO  [http-nio-8080-exec-1]org.springframework.web.servlet.DispatcherServlet - Completed initialization in 40 ms
12:32:56.689 WARN  [HikariPool-1:housekeeper]com.zaxxer.hikari.pool.HikariPool - HikariPool-1 - Thread starvation or clock leap detected (housekeeper delta=40m21s202ms141µs600ns).
16:38:03.005 INFO  [File Watcher]o.s.b.d.a.LocalDevToolsAutoConfiguration$RestartingClassPathChangeChangedEventListener - Restarting due to 1 class path change (0 additions, 0 deletions, 1 modification)
16:38:03.108 INFO  [Thread-5]o.s.boot.web.embedded.tomcat.GracefulShutdown - Commencing graceful shutdown. Waiting for active requests to complete
16:38:03.118 INFO  [tomcat-shutdown]org.apache.coyote.http11.Http11NioProtocol - Pausing ProtocolHandler ["http-nio-8080"]
16:38:03.273 INFO  [tomcat-shutdown]o.s.boot.web.embedded.tomcat.GracefulShutdown - Graceful shutdown complete
16:38:03.277 INFO  [Thread-5]org.apache.coyote.http11.Http11NioProtocol - Stopping ProtocolHandler ["http-nio-8080"]
16:38:03.302 INFO  [Thread-5]o.s.orm.jpa.LocalContainerEntityManagerFactoryBean - Closing JPA EntityManagerFactory for persistence unit 'default'
16:38:03.357 INFO  [Thread-5]com.zaxxer.hikari.HikariDataSource - HikariPool-1 - Shutdown initiated...
16:38:03.369 INFO  [Thread-5]com.zaxxer.hikari.HikariDataSource - HikariPool-1 - Shutdown completed.
16:38:03.665 INFO  [restartedMain]com.example.quiz_1150119.Quiz1150119Application - Starting Quiz1150119Application using Java 17.0.18 with PID 20856 (C:\Users\yoyo\eclipse-workspace\quiz_1150119\bin\main started by yoyo in C:\Users\yoyo\eclipse-workspace\quiz_1150119)
16:38:03.665 INFO  [restartedMain]com.example.quiz_1150119.Quiz1150119Application - No active profile set, falling back to 1 default profile: "default"
16:38:03.915 INFO  [restartedMain]o.s.d.r.config.RepositoryConfigurationDelegate - Bootstrapping Spring Data JPA repositories in DEFAULT mode.
16:38:03.937 INFO  [restartedMain]o.s.d.r.config.RepositoryConfigurationDelegate - Finished Spring Data repository scanning in 20 ms. Found 4 JPA repository interfaces.
16:38:04.043 INFO  [restartedMain]o.s.boot.web.embedded.tomcat.TomcatWebServer - Tomcat initialized with port 8080 (http)
16:38:04.045 INFO  [restartedMain]org.apache.coyote.http11.Http11NioProtocol - Initializing ProtocolHandler ["http-nio-8080"]
16:38:04.045 INFO  [restartedMain]org.apache.catalina.core.StandardService - Starting service [Tomcat]
16:38:04.045 INFO  [restartedMain]org.apache.catalina.core.StandardEngine - Starting Servlet engine: [Apache Tomcat/10.1.53]
16:38:04.067 INFO  [restartedMain]o.a.c.core.ContainerBase.[Tomcat].[localhost].[/] - Initializing Spring embedded WebApplicationContext
16:38:04.067 INFO  [restartedMain]o.s.b.w.s.c.ServletWebServerApplicationContext - Root WebApplicationContext: initialization completed in 399 ms
16:38:04.105 INFO  [restartedMain]com.zaxxer.hikari.HikariDataSource - HikariPool-2 - Starting...
16:38:04.113 INFO  [restartedMain]com.zaxxer.hikari.pool.HikariPool - HikariPool-2 - Added connection com.mysql.cj.jdbc.ConnectionImpl@4157a885
16:38:04.113 INFO  [restartedMain]com.zaxxer.hikari.HikariDataSource - HikariPool-2 - Start completed.
16:38:04.117 INFO  [restartedMain]org.hibernate.jpa.internal.util.LogHelper - HHH000204: Processing PersistenceUnitInfo [name: default]
16:38:04.121 INFO  [restartedMain]o.hibernate.cache.internal.RegionFactoryInitiator - HHH000026: Second-level cache disabled
16:38:04.137 INFO  [restartedMain]o.s.o.j.persistenceunit.SpringPersistenceUnitInfo - No LoadTimeWeaver setup: ignoring JPA class transformer
16:38:04.141 INFO  [restartedMain]org.hibernate.orm.connections.pooling - HHH10001005: Database info:
	Database JDBC URL [Connecting through datasource 'HikariDataSource (HikariPool-2)']
	Database driver: undefined/unknown
	Database version: 8.0.45
	Autocommit mode: undefined/unknown
	Isolation level: undefined/unknown
	Minimum pool size: undefined/unknown
	Maximum pool size: undefined/unknown
16:38:04.264 INFO  [restartedMain]o.h.e.t.jta.platform.internal.JtaPlatformInitiator - HHH000489: No JTA platform available (set 'hibernate.transaction.jta.platform' to enable JTA platform integration)
16:38:04.266 INFO  [restartedMain]o.s.orm.jpa.LocalContainerEntityManagerFactoryBean - Initialized JPA EntityManagerFactory for persistence unit 'default'
16:38:04.416 WARN  [restartedMain]o.s.b.a.o.j.JpaBaseConfiguration$JpaWebConfiguration - spring.jpa.open-in-view is enabled by default. Therefore, database queries may be performed during view rendering. Explicitly configure spring.jpa.open-in-view to disable this warning
16:38:04.522 INFO  [restartedMain]o.s.b.d.autoconfigure.OptionalLiveReloadServer - LiveReload server is running on port 35729
16:38:04.526 INFO  [restartedMain]org.apache.coyote.http11.Http11NioProtocol - Starting ProtocolHandler ["http-nio-8080"]
16:38:04.532 INFO  [restartedMain]o.s.boot.web.embedded.tomcat.TomcatWebServer - Tomcat started on port 8080 (http) with context path '/'
16:38:04.537 INFO  [restartedMain]com.example.quiz_1150119.Quiz1150119Application - Started Quiz1150119Application in 0.92 seconds (process running for 22915.999)
16:38:04.539 INFO  [restartedMain]o.s.b.d.a.ConditionEvaluationDeltaLoggingListener - Condition evaluation unchanged
16:38:23.442 INFO  [File Watcher]o.s.b.d.a.LocalDevToolsAutoConfiguration$RestartingClassPathChangeChangedEventListener - Restarting due to 4 class path changes (0 additions, 0 deletions, 4 modifications)
16:38:23.443 INFO  [Thread-7]o.s.boot.web.embedded.tomcat.GracefulShutdown - Commencing graceful shutdown. Waiting for active requests to complete
16:38:23.444 INFO  [tomcat-shutdown]org.apache.coyote.http11.Http11NioProtocol - Pausing ProtocolHandler ["http-nio-8080"]
16:38:23.586 INFO  [tomcat-shutdown]o.s.boot.web.embedded.tomcat.GracefulShutdown - Graceful shutdown complete
16:38:23.586 INFO  [Thread-7]org.apache.coyote.http11.Http11NioProtocol - Stopping ProtocolHandler ["http-nio-8080"]
16:38:23.588 INFO  [Thread-7]o.s.orm.jpa.LocalContainerEntityManagerFactoryBean - Closing JPA EntityManagerFactory for persistence unit 'default'
16:38:23.588 INFO  [Thread-7]com.zaxxer.hikari.HikariDataSource - HikariPool-2 - Shutdown initiated...
16:38:23.590 INFO  [Thread-7]com.zaxxer.hikari.HikariDataSource - HikariPool-2 - Shutdown completed.
16:38:23.660 INFO  [restartedMain]com.example.quiz_1150119.Quiz1150119Application - Starting Quiz1150119Application using Java 17.0.18 with PID 20856 (C:\Users\yoyo\eclipse-workspace\quiz_1150119\bin\main started by yoyo in C:\Users\yoyo\eclipse-workspace\quiz_1150119)
16:38:23.660 INFO  [restartedMain]com.example.quiz_1150119.Quiz1150119Application - No active profile set, falling back to 1 default profile: "default"
16:38:23.782 INFO  [restartedMain]o.s.d.r.config.RepositoryConfigurationDelegate - Bootstrapping Spring Data JPA repositories in DEFAULT mode.
16:38:23.803 INFO  [restartedMain]o.s.d.r.config.RepositoryConfigurationDelegate - Finished Spring Data repository scanning in 18 ms. Found 4 JPA repository interfaces.
16:38:23.856 INFO  [restartedMain]o.s.boot.web.embedded.tomcat.TomcatWebServer - Tomcat initialized with port 8080 (http)
16:38:23.857 INFO  [restartedMain]org.apache.coyote.http11.Http11NioProtocol - Initializing ProtocolHandler ["http-nio-8080"]
16:38:23.857 INFO  [restartedMain]org.apache.catalina.core.StandardService - Starting service [Tomcat]
16:38:23.857 INFO  [restartedMain]org.apache.catalina.core.StandardEngine - Starting Servlet engine: [Apache Tomcat/10.1.53]
16:38:23.877 INFO  [restartedMain]o.a.c.core.ContainerBase.[Tomcat].[localhost].[/] - Initializing Spring embedded WebApplicationContext
16:38:23.877 INFO  [restartedMain]o.s.b.w.s.c.ServletWebServerApplicationContext - Root WebApplicationContext: initialization completed in 216 ms
16:38:23.903 INFO  [restartedMain]com.zaxxer.hikari.HikariDataSource - HikariPool-3 - Starting...
16:38:23.907 INFO  [restartedMain]com.zaxxer.hikari.pool.HikariPool - HikariPool-3 - Added connection com.mysql.cj.jdbc.ConnectionImpl@7e195707
16:38:23.907 INFO  [restartedMain]com.zaxxer.hikari.HikariDataSource - HikariPool-3 - Start completed.
16:38:23.908 INFO  [restartedMain]org.hibernate.jpa.internal.util.LogHelper - HHH000204: Processing PersistenceUnitInfo [name: default]
16:38:23.912 INFO  [restartedMain]o.hibernate.cache.internal.RegionFactoryInitiator - HHH000026: Second-level cache disabled
16:38:23.918 INFO  [restartedMain]o.s.o.j.persistenceunit.SpringPersistenceUnitInfo - No LoadTimeWeaver setup: ignoring JPA class transformer
16:38:23.921 INFO  [restartedMain]org.hibernate.orm.connections.pooling - HHH10001005: Database info:
	Database JDBC URL [Connecting through datasource 'HikariDataSource (HikariPool-3)']
	Database driver: undefined/unknown
	Database version: 8.0.45
	Autocommit mode: undefined/unknown
	Isolation level: undefined/unknown
	Minimum pool size: undefined/unknown
	Maximum pool size: undefined/unknown
16:38:23.996 INFO  [restartedMain]o.h.e.t.jta.platform.internal.JtaPlatformInitiator - HHH000489: No JTA platform available (set 'hibernate.transaction.jta.platform' to enable JTA platform integration)
16:38:23.996 INFO  [restartedMain]o.s.orm.jpa.LocalContainerEntityManagerFactoryBean - Initialized JPA EntityManagerFactory for persistence unit 'default'
16:38:24.079 WARN  [restartedMain]o.s.b.a.o.j.JpaBaseConfiguration$JpaWebConfiguration - spring.jpa.open-in-view is enabled by default. Therefore, database queries may be performed during view rendering. Explicitly configure spring.jpa.open-in-view to disable this warning
16:38:24.128 INFO  [restartedMain]o.s.b.d.autoconfigure.OptionalLiveReloadServer - LiveReload server is running on port 35729
16:38:24.132 INFO  [restartedMain]org.apache.coyote.http11.Http11NioProtocol - Starting ProtocolHandler ["http-nio-8080"]
16:38:24.135 INFO  [restartedMain]o.s.boot.web.embedded.tomcat.TomcatWebServer - Tomcat started on port 8080 (http) with context path '/'
16:38:24.137 INFO  [restartedMain]com.example.quiz_1150119.Quiz1150119Application - Started Quiz1150119Application in 0.497 seconds (process running for 22935.599)
16:38:24.138 INFO  [restartedMain]o.s.b.d.a.ConditionEvaluationDeltaLoggingListener - Condition evaluation unchanged
16:46:51.942 INFO  [File Watcher]o.s.b.d.a.LocalDevToolsAutoConfiguration$RestartingClassPathChangeChangedEventListener - Restarting due to 1 class path change (0 additions, 0 deletions, 1 modification)
16:46:51.943 INFO  [Thread-11]o.s.boot.web.embedded.tomcat.GracefulShutdown - Commencing graceful shutdown. Waiting for active requests to complete
16:46:51.943 INFO  [tomcat-shutdown]org.apache.coyote.http11.Http11NioProtocol - Pausing ProtocolHandler ["http-nio-8080"]
16:46:52.115 INFO  [tomcat-shutdown]o.s.boot.web.embedded.tomcat.GracefulShutdown - Graceful shutdown complete
16:46:52.115 INFO  [Thread-11]org.apache.coyote.http11.Http11NioProtocol - Stopping ProtocolHandler ["http-nio-8080"]
16:46:52.117 INFO  [Thread-11]o.s.orm.jpa.LocalContainerEntityManagerFactoryBean - Closing JPA EntityManagerFactory for persistence unit 'default'
16:46:52.117 INFO  [Thread-11]com.zaxxer.hikari.HikariDataSource - HikariPool-3 - Shutdown initiated...
16:46:52.119 INFO  [Thread-11]com.zaxxer.hikari.HikariDataSource - HikariPool-3 - Shutdown completed.
16:46:52.176 INFO  [restartedMain]com.example.quiz_1150119.Quiz1150119Application - Starting Quiz1150119Application using Java 17.0.18 with PID 20856 (C:\Users\yoyo\eclipse-workspace\quiz_1150119\bin\main started by yoyo in C:\Users\yoyo\eclipse-workspace\quiz_1150119)
16:46:52.177 INFO  [restartedMain]com.example.quiz_1150119.Quiz1150119Application - No active profile set, falling back to 1 default profile: "default"
16:46:52.290 INFO  [restartedMain]o.s.d.r.config.RepositoryConfigurationDelegate - Bootstrapping Spring Data JPA repositories in DEFAULT mode.
16:46:52.311 INFO  [restartedMain]o.s.d.r.config.RepositoryConfigurationDelegate - Finished Spring Data repository scanning in 20 ms. Found 4 JPA repository interfaces.
16:46:52.361 INFO  [restartedMain]o.s.boot.web.embedded.tomcat.TomcatWebServer - Tomcat initialized with port 8080 (http)
16:46:52.362 INFO  [restartedMain]org.apache.coyote.http11.Http11NioProtocol - Initializing ProtocolHandler ["http-nio-8080"]
16:46:52.362 INFO  [restartedMain]org.apache.catalina.core.StandardService - Starting service [Tomcat]
16:46:52.362 INFO  [restartedMain]org.apache.catalina.core.StandardEngine - Starting Servlet engine: [Apache Tomcat/10.1.53]
16:46:52.380 INFO  [restartedMain]o.a.c.core.ContainerBase.[Tomcat].[localhost].[/] - Initializing Spring embedded WebApplicationContext
16:46:52.380 INFO  [restartedMain]o.s.b.w.s.c.ServletWebServerApplicationContext - Root WebApplicationContext: initialization completed in 202 ms
16:46:52.400 INFO  [restartedMain]com.zaxxer.hikari.HikariDataSource - HikariPool-4 - Starting...
16:46:52.407 INFO  [restartedMain]com.zaxxer.hikari.pool.HikariPool - HikariPool-4 - Added connection com.mysql.cj.jdbc.ConnectionImpl@2d367364
16:46:52.407 INFO  [restartedMain]com.zaxxer.hikari.HikariDataSource - HikariPool-4 - Start completed.
16:46:52.409 INFO  [restartedMain]org.hibernate.jpa.internal.util.LogHelper - HHH000204: Processing PersistenceUnitInfo [name: default]
16:46:52.412 INFO  [restartedMain]o.hibernate.cache.internal.RegionFactoryInitiator - HHH000026: Second-level cache disabled
16:46:52.421 INFO  [restartedMain]o.s.o.j.persistenceunit.SpringPersistenceUnitInfo - No LoadTimeWeaver setup: ignoring JPA class transformer
16:46:52.423 INFO  [restartedMain]org.hibernate.orm.connections.pooling - HHH10001005: Database info:
	Database JDBC URL [Connecting through datasource 'HikariDataSource (HikariPool-4)']
	Database driver: undefined/unknown
	Database version: 8.0.45
	Autocommit mode: undefined/unknown
	Isolation level: undefined/unknown
	Minimum pool size: undefined/unknown
	Maximum pool size: undefined/unknown
16:46:52.505 INFO  [restartedMain]o.h.e.t.jta.platform.internal.JtaPlatformInitiator - HHH000489: No JTA platform available (set 'hibernate.transaction.jta.platform' to enable JTA platform integration)
16:46:52.506 INFO  [restartedMain]o.s.orm.jpa.LocalContainerEntityManagerFactoryBean - Initialized JPA EntityManagerFactory for persistence unit 'default'
16:46:52.605 WARN  [restartedMain]o.s.b.a.o.j.JpaBaseConfiguration$JpaWebConfiguration - spring.jpa.open-in-view is enabled by default. Therefore, database queries may be performed during view rendering. Explicitly configure spring.jpa.open-in-view to disable this warning
16:46:52.656 INFO  [restartedMain]o.s.b.d.autoconfigure.OptionalLiveReloadServer - LiveReload server is running on port 35729
16:46:52.659 INFO  [restartedMain]org.apache.coyote.http11.Http11NioProtocol - Starting ProtocolHandler ["http-nio-8080"]
16:46:52.662 INFO  [restartedMain]o.s.boot.web.embedded.tomcat.TomcatWebServer - Tomcat started on port 8080 (http) with context path '/'
16:46:52.665 INFO  [restartedMain]com.example.quiz_1150119.Quiz1150119Application - Started Quiz1150119Application in 0.509 seconds (process running for 23444.127)
16:46:52.666 INFO  [restartedMain]o.s.b.d.a.ConditionEvaluationDeltaLoggingListener - Condition evaluation unchanged
16:47:05.367 INFO  [File Watcher]o.s.b.d.a.LocalDevToolsAutoConfiguration$RestartingClassPathChangeChangedEventListener - Restarting due to 1 class path change (0 additions, 0 deletions, 1 modification)
16:47:05.368 INFO  [Thread-15]o.s.boot.web.embedded.tomcat.GracefulShutdown - Commencing graceful shutdown. Waiting for active requests to complete
16:47:05.369 INFO  [tomcat-shutdown]org.apache.coyote.http11.Http11NioProtocol - Pausing ProtocolHandler ["http-nio-8080"]
16:47:05.508 INFO  [tomcat-shutdown]o.s.boot.web.embedded.tomcat.GracefulShutdown - Graceful shutdown complete
16:47:05.509 INFO  [Thread-15]org.apache.coyote.http11.Http11NioProtocol - Stopping ProtocolHandler ["http-nio-8080"]
16:47:05.510 INFO  [Thread-15]o.s.orm.jpa.LocalContainerEntityManagerFactoryBean - Closing JPA EntityManagerFactory for persistence unit 'default'
16:47:05.511 INFO  [Thread-15]com.zaxxer.hikari.HikariDataSource - HikariPool-4 - Shutdown initiated...
16:47:05.512 INFO  [Thread-15]com.zaxxer.hikari.HikariDataSource - HikariPool-4 - Shutdown completed.
16:47:05.574 INFO  [restartedMain]com.example.quiz_1150119.Quiz1150119Application - Starting Quiz1150119Application using Java 17.0.18 with PID 20856 (C:\Users\yoyo\eclipse-workspace\quiz_1150119\bin\main started by yoyo in C:\Users\yoyo\eclipse-workspace\quiz_1150119)
16:47:05.574 INFO  [restartedMain]com.example.quiz_1150119.Quiz1150119Application - No active profile set, falling back to 1 default profile: "default"
16:47:05.671 INFO  [restartedMain]o.s.d.r.config.RepositoryConfigurationDelegate - Bootstrapping Spring Data JPA repositories in DEFAULT mode.
16:47:05.684 INFO  [restartedMain]o.s.d.r.config.RepositoryConfigurationDelegate - Finished Spring Data repository scanning in 11 ms. Found 4 JPA repository interfaces.
16:47:05.725 INFO  [restartedMain]o.s.boot.web.embedded.tomcat.TomcatWebServer - Tomcat initialized with port 8080 (http)
16:47:05.725 INFO  [restartedMain]org.apache.coyote.http11.Http11NioProtocol - Initializing ProtocolHandler ["http-nio-8080"]
16:47:05.725 INFO  [restartedMain]org.apache.catalina.core.StandardService - Starting service [Tomcat]
16:47:05.725 INFO  [restartedMain]org.apache.catalina.core.StandardEngine - Starting Servlet engine: [Apache Tomcat/10.1.53]
16:47:05.741 INFO  [restartedMain]o.a.c.core.ContainerBase.[Tomcat].[localhost].[/] - Initializing Spring embedded WebApplicationContext
16:47:05.741 INFO  [restartedMain]o.s.b.w.s.c.ServletWebServerApplicationContext - Root WebApplicationContext: initialization completed in 165 ms
16:47:05.757 INFO  [restartedMain]com.zaxxer.hikari.HikariDataSource - HikariPool-5 - Starting...
16:47:05.762 INFO  [restartedMain]com.zaxxer.hikari.pool.HikariPool - HikariPool-5 - Added connection com.mysql.cj.jdbc.ConnectionImpl@11fb73
16:47:05.762 INFO  [restartedMain]com.zaxxer.hikari.HikariDataSource - HikariPool-5 - Start completed.
16:47:05.763 INFO  [restartedMain]org.hibernate.jpa.internal.util.LogHelper - HHH000204: Processing PersistenceUnitInfo [name: default]
16:47:05.765 INFO  [restartedMain]o.hibernate.cache.internal.RegionFactoryInitiator - HHH000026: Second-level cache disabled
16:47:05.773 INFO  [restartedMain]o.s.o.j.persistenceunit.SpringPersistenceUnitInfo - No LoadTimeWeaver setup: ignoring JPA class transformer
16:47:05.775 INFO  [restartedMain]org.hibernate.orm.connections.pooling - HHH10001005: Database info:
	Database JDBC URL [Connecting through datasource 'HikariDataSource (HikariPool-5)']
	Database driver: undefined/unknown
	Database version: 8.0.45
	Autocommit mode: undefined/unknown
	Isolation level: undefined/unknown
	Minimum pool size: undefined/unknown
	Maximum pool size: undefined/unknown
16:47:05.848 INFO  [restartedMain]o.h.e.t.jta.platform.internal.JtaPlatformInitiator - HHH000489: No JTA platform available (set 'hibernate.transaction.jta.platform' to enable JTA platform integration)
16:47:05.849 INFO  [restartedMain]o.s.orm.jpa.LocalContainerEntityManagerFactoryBean - Initialized JPA EntityManagerFactory for persistence unit 'default'
16:47:05.923 WARN  [restartedMain]o.s.b.a.o.j.JpaBaseConfiguration$JpaWebConfiguration - spring.jpa.open-in-view is enabled by default. Therefore, database queries may be performed during view rendering. Explicitly configure spring.jpa.open-in-view to disable this warning
16:47:05.962 INFO  [restartedMain]o.s.b.d.autoconfigure.OptionalLiveReloadServer - LiveReload server is running on port 35729
16:47:05.964 INFO  [restartedMain]org.apache.coyote.http11.Http11NioProtocol - Starting ProtocolHandler ["http-nio-8080"]
16:47:05.967 INFO  [restartedMain]o.s.boot.web.embedded.tomcat.TomcatWebServer - Tomcat started on port 8080 (http) with context path '/'
16:47:05.969 INFO  [restartedMain]com.example.quiz_1150119.Quiz1150119Application - Started Quiz1150119Application in 0.412 seconds (process running for 23457.43)
16:47:05.970 INFO  [restartedMain]o.s.b.d.a.ConditionEvaluationDeltaLoggingListener - Condition evaluation unchanged
16:50:22.104 INFO  [File Watcher]o.s.b.d.a.LocalDevToolsAutoConfiguration$RestartingClassPathChangeChangedEventListener - Restarting due to 1 class path change (0 additions, 0 deletions, 1 modification)
16:50:22.105 INFO  [Thread-19]o.s.boot.web.embedded.tomcat.GracefulShutdown - Commencing graceful shutdown. Waiting for active requests to complete
16:50:22.106 INFO  [tomcat-shutdown]org.apache.coyote.http11.Http11NioProtocol - Pausing ProtocolHandler ["http-nio-8080"]
16:50:22.247 INFO  [tomcat-shutdown]o.s.boot.web.embedded.tomcat.GracefulShutdown - Graceful shutdown complete
16:50:22.248 INFO  [Thread-19]org.apache.coyote.http11.Http11NioProtocol - Stopping ProtocolHandler ["http-nio-8080"]
16:50:22.249 INFO  [Thread-19]o.s.orm.jpa.LocalContainerEntityManagerFactoryBean - Closing JPA EntityManagerFactory for persistence unit 'default'
16:50:22.249 INFO  [Thread-19]com.zaxxer.hikari.HikariDataSource - HikariPool-5 - Shutdown initiated...
16:50:22.251 INFO  [Thread-19]com.zaxxer.hikari.HikariDataSource - HikariPool-5 - Shutdown completed.
16:50:22.306 INFO  [restartedMain]com.example.quiz_1150119.Quiz1150119Application - Starting Quiz1150119Application using Java 17.0.18 with PID 20856 (C:\Users\yoyo\eclipse-workspace\quiz_1150119\bin\main started by yoyo in C:\Users\yoyo\eclipse-workspace\quiz_1150119)
16:50:22.306 INFO  [restartedMain]com.example.quiz_1150119.Quiz1150119Application - No active profile set, falling back to 1 default profile: "default"
16:50:22.394 INFO  [restartedMain]o.s.d.r.config.RepositoryConfigurationDelegate - Bootstrapping Spring Data JPA repositories in DEFAULT mode.
16:50:22.406 INFO  [restartedMain]o.s.d.r.config.RepositoryConfigurationDelegate - Finished Spring Data repository scanning in 11 ms. Found 4 JPA repository interfaces.
16:50:22.442 INFO  [restartedMain]o.s.boot.web.embedded.tomcat.TomcatWebServer - Tomcat initialized with port 8080 (http)
16:50:22.442 INFO  [restartedMain]org.apache.coyote.http11.Http11NioProtocol - Initializing ProtocolHandler ["http-nio-8080"]
16:50:22.442 INFO  [restartedMain]org.apache.catalina.core.StandardService - Starting service [Tomcat]
16:50:22.442 INFO  [restartedMain]org.apache.catalina.core.StandardEngine - Starting Servlet engine: [Apache Tomcat/10.1.53]
16:50:22.456 INFO  [restartedMain]o.a.c.core.ContainerBase.[Tomcat].[localhost].[/] - Initializing Spring embedded WebApplicationContext
16:50:22.457 INFO  [restartedMain]o.s.b.w.s.c.ServletWebServerApplicationContext - Root WebApplicationContext: initialization completed in 150 ms
16:50:22.471 INFO  [restartedMain]com.zaxxer.hikari.HikariDataSource - HikariPool-6 - Starting...
16:50:22.476 INFO  [restartedMain]com.zaxxer.hikari.pool.HikariPool - HikariPool-6 - Added connection com.mysql.cj.jdbc.ConnectionImpl@1cd54e41
16:50:22.477 INFO  [restartedMain]com.zaxxer.hikari.HikariDataSource - HikariPool-6 - Start completed.
16:50:22.478 INFO  [restartedMain]org.hibernate.jpa.internal.util.LogHelper - HHH000204: Processing PersistenceUnitInfo [name: default]
16:50:22.480 INFO  [restartedMain]o.hibernate.cache.internal.RegionFactoryInitiator - HHH000026: Second-level cache disabled
16:50:22.484 INFO  [restartedMain]o.s.o.j.persistenceunit.SpringPersistenceUnitInfo - No LoadTimeWeaver setup: ignoring JPA class transformer
16:50:22.485 INFO  [restartedMain]org.hibernate.orm.connections.pooling - HHH10001005: Database info:
	Database JDBC URL [Connecting through datasource 'HikariDataSource (HikariPool-6)']
	Database driver: undefined/unknown
	Database version: 8.0.45
	Autocommit mode: undefined/unknown
	Isolation level: undefined/unknown
	Minimum pool size: undefined/unknown
	Maximum pool size: undefined/unknown
16:50:22.548 INFO  [restartedMain]o.h.e.t.jta.platform.internal.JtaPlatformInitiator - HHH000489: No JTA platform available (set 'hibernate.transaction.jta.platform' to enable JTA platform integration)
16:50:22.548 INFO  [restartedMain]o.s.orm.jpa.LocalContainerEntityManagerFactoryBean - Initialized JPA EntityManagerFactory for persistence unit 'default'
16:50:22.617 WARN  [restartedMain]o.s.b.a.o.j.JpaBaseConfiguration$JpaWebConfiguration - spring.jpa.open-in-view is enabled by default. Therefore, database queries may be performed during view rendering. Explicitly configure spring.jpa.open-in-view to disable this warning
16:50:22.655 INFO  [restartedMain]o.s.b.d.autoconfigure.OptionalLiveReloadServer - LiveReload server is running on port 35729
16:50:22.657 INFO  [restartedMain]org.apache.coyote.http11.Http11NioProtocol - Starting ProtocolHandler ["http-nio-8080"]
16:50:22.660 INFO  [restartedMain]o.s.boot.web.embedded.tomcat.TomcatWebServer - Tomcat started on port 8080 (http) with context path '/'
16:50:22.662 INFO  [restartedMain]com.example.quiz_1150119.Quiz1150119Application - Started Quiz1150119Application in 0.374 seconds (process running for 23654.124)
16:50:22.663 INFO  [restartedMain]o.s.b.d.a.ConditionEvaluationDeltaLoggingListener - Condition evaluation unchanged
16:50:44.601 INFO  [File Watcher]o.s.b.d.a.LocalDevToolsAutoConfiguration$RestartingClassPathChangeChangedEventListener - Restarting due to 4 class path changes (0 additions, 0 deletions, 4 modifications)
16:50:44.602 INFO  [Thread-23]o.s.boot.web.embedded.tomcat.GracefulShutdown - Commencing graceful shutdown. Waiting for active requests to complete
16:50:44.602 INFO  [tomcat-shutdown]org.apache.coyote.http11.Http11NioProtocol - Pausing ProtocolHandler ["http-nio-8080"]
16:50:44.743 INFO  [tomcat-shutdown]o.s.boot.web.embedded.tomcat.GracefulShutdown - Graceful shutdown complete
16:50:44.744 INFO  [Thread-23]org.apache.coyote.http11.Http11NioProtocol - Stopping ProtocolHandler ["http-nio-8080"]
16:50:44.745 INFO  [Thread-23]o.s.orm.jpa.LocalContainerEntityManagerFactoryBean - Closing JPA EntityManagerFactory for persistence unit 'default'
16:50:44.745 INFO  [Thread-23]com.zaxxer.hikari.HikariDataSource - HikariPool-6 - Shutdown initiated...
16:50:44.746 INFO  [Thread-23]com.zaxxer.hikari.HikariDataSource - HikariPool-6 - Shutdown completed.
16:50:44.798 INFO  [restartedMain]com.example.quiz_1150119.Quiz1150119Application - Starting Quiz1150119Application using Java 17.0.18 with PID 20856 (C:\Users\yoyo\eclipse-workspace\quiz_1150119\bin\main started by yoyo in C:\Users\yoyo\eclipse-workspace\quiz_1150119)
16:50:44.798 INFO  [restartedMain]com.example.quiz_1150119.Quiz1150119Application - No active profile set, falling back to 1 default profile: "default"
16:50:44.887 INFO  [restartedMain]o.s.d.r.config.RepositoryConfigurationDelegate - Bootstrapping Spring Data JPA repositories in DEFAULT mode.
16:50:44.899 INFO  [restartedMain]o.s.d.r.config.RepositoryConfigurationDelegate - Finished Spring Data repository scanning in 11 ms. Found 4 JPA repository interfaces.
16:50:44.942 INFO  [restartedMain]o.s.boot.web.embedded.tomcat.TomcatWebServer - Tomcat initialized with port 8080 (http)
16:50:44.943 INFO  [restartedMain]org.apache.coyote.http11.Http11NioProtocol - Initializing ProtocolHandler ["http-nio-8080"]
16:50:44.943 INFO  [restartedMain]org.apache.catalina.core.StandardService - Starting service [Tomcat]
16:50:44.943 INFO  [restartedMain]org.apache.catalina.core.StandardEngine - Starting Servlet engine: [Apache Tomcat/10.1.53]
16:50:44.959 INFO  [restartedMain]o.a.c.core.ContainerBase.[Tomcat].[localhost].[/] - Initializing Spring embedded WebApplicationContext
16:50:44.959 INFO  [restartedMain]o.s.b.w.s.c.ServletWebServerApplicationContext - Root WebApplicationContext: initialization completed in 160 ms
16:50:44.976 INFO  [restartedMain]com.zaxxer.hikari.HikariDataSource - HikariPool-7 - Starting...
16:50:44.980 INFO  [restartedMain]com.zaxxer.hikari.pool.HikariPool - HikariPool-7 - Added connection com.mysql.cj.jdbc.ConnectionImpl@7d9ef3d3
16:50:44.981 INFO  [restartedMain]com.zaxxer.hikari.HikariDataSource - HikariPool-7 - Start completed.
16:50:44.982 INFO  [restartedMain]org.hibernate.jpa.internal.util.LogHelper - HHH000204: Processing PersistenceUnitInfo [name: default]
16:50:44.983 INFO  [restartedMain]o.hibernate.cache.internal.RegionFactoryInitiator - HHH000026: Second-level cache disabled
16:50:44.989 INFO  [restartedMain]o.s.o.j.persistenceunit.SpringPersistenceUnitInfo - No LoadTimeWeaver setup: ignoring JPA class transformer
16:50:44.991 INFO  [restartedMain]org.hibernate.orm.connections.pooling - HHH10001005: Database info:
	Database JDBC URL [Connecting through datasource 'HikariDataSource (HikariPool-7)']
	Database driver: undefined/unknown
	Database version: 8.0.45
	Autocommit mode: undefined/unknown
	Isolation level: undefined/unknown
	Minimum pool size: undefined/unknown
	Maximum pool size: undefined/unknown
16:50:45.056 INFO  [restartedMain]o.h.e.t.jta.platform.internal.JtaPlatformInitiator - HHH000489: No JTA platform available (set 'hibernate.transaction.jta.platform' to enable JTA platform integration)
16:50:45.056 INFO  [restartedMain]o.s.orm.jpa.LocalContainerEntityManagerFactoryBean - Initialized JPA EntityManagerFactory for persistence unit 'default'
16:50:45.111 WARN  [restartedMain]o.s.b.a.o.j.JpaBaseConfiguration$JpaWebConfiguration - spring.jpa.open-in-view is enabled by default. Therefore, database queries may be performed during view rendering. Explicitly configure spring.jpa.open-in-view to disable this warning
16:50:45.148 INFO  [restartedMain]o.s.b.d.autoconfigure.OptionalLiveReloadServer - LiveReload server is running on port 35729
16:50:45.151 INFO  [restartedMain]org.apache.coyote.http11.Http11NioProtocol - Starting ProtocolHandler ["http-nio-8080"]
16:50:45.154 INFO  [restartedMain]o.s.boot.web.embedded.tomcat.TomcatWebServer - Tomcat started on port 8080 (http) with context path '/'
16:50:45.157 INFO  [restartedMain]com.example.quiz_1150119.Quiz1150119Application - Started Quiz1150119Application in 0.376 seconds (process running for 23676.619)
16:50:45.158 INFO  [restartedMain]o.s.b.d.a.ConditionEvaluationDeltaLoggingListener - Condition evaluation unchanged
16:52:01.448 INFO  [File Watcher]o.s.b.d.a.LocalDevToolsAutoConfiguration$RestartingClassPathChangeChangedEventListener - Restarting due to 4 class path changes (0 additions, 0 deletions, 4 modifications)
16:52:01.449 INFO  [Thread-27]o.s.boot.web.embedded.tomcat.GracefulShutdown - Commencing graceful shutdown. Waiting for active requests to complete
16:52:01.450 INFO  [tomcat-shutdown]org.apache.coyote.http11.Http11NioProtocol - Pausing ProtocolHandler ["http-nio-8080"]
16:52:01.588 INFO  [tomcat-shutdown]o.s.boot.web.embedded.tomcat.GracefulShutdown - Graceful shutdown complete
16:52:01.588 INFO  [Thread-27]org.apache.coyote.http11.Http11NioProtocol - Stopping ProtocolHandler ["http-nio-8080"]
16:52:01.589 INFO  [Thread-27]o.s.orm.jpa.LocalContainerEntityManagerFactoryBean - Closing JPA EntityManagerFactory for persistence unit 'default'
16:52:01.590 INFO  [Thread-27]com.zaxxer.hikari.HikariDataSource - HikariPool-7 - Shutdown initiated...
16:52:01.592 INFO  [Thread-27]com.zaxxer.hikari.HikariDataSource - HikariPool-7 - Shutdown completed.
16:52:01.645 INFO  [restartedMain]com.example.quiz_1150119.Quiz1150119Application - Starting Quiz1150119Application using Java 17.0.18 with PID 20856 (C:\Users\yoyo\eclipse-workspace\quiz_1150119\bin\main started by yoyo in C:\Users\yoyo\eclipse-workspace\quiz_1150119)
16:52:01.645 INFO  [restartedMain]com.example.quiz_1150119.Quiz1150119Application - No active profile set, falling back to 1 default profile: "default"
16:52:01.732 INFO  [restartedMain]o.s.d.r.config.RepositoryConfigurationDelegate - Bootstrapping Spring Data JPA repositories in DEFAULT mode.
16:52:01.746 INFO  [restartedMain]o.s.d.r.config.RepositoryConfigurationDelegate - Finished Spring Data repository scanning in 13 ms. Found 4 JPA repository interfaces.
16:52:01.787 INFO  [restartedMain]o.s.boot.web.embedded.tomcat.TomcatWebServer - Tomcat initialized with port 8080 (http)
16:52:01.788 INFO  [restartedMain]org.apache.coyote.http11.Http11NioProtocol - Initializing ProtocolHandler ["http-nio-8080"]
16:52:01.788 INFO  [restartedMain]org.apache.catalina.core.StandardService - Starting service [Tomcat]
16:52:01.788 INFO  [restartedMain]org.apache.catalina.core.StandardEngine - Starting Servlet engine: [Apache Tomcat/10.1.53]
16:52:01.804 INFO  [restartedMain]o.a.c.core.ContainerBase.[Tomcat].[localhost].[/] - Initializing Spring embedded WebApplicationContext
16:52:01.804 INFO  [restartedMain]o.s.b.w.s.c.ServletWebServerApplicationContext - Root WebApplicationContext: initialization completed in 158 ms
16:52:01.819 INFO  [restartedMain]com.zaxxer.hikari.HikariDataSource - HikariPool-8 - Starting...
16:52:01.824 INFO  [restartedMain]com.zaxxer.hikari.pool.HikariPool - HikariPool-8 - Added connection com.mysql.cj.jdbc.ConnectionImpl@54f20b1a
16:52:01.824 INFO  [restartedMain]com.zaxxer.hikari.HikariDataSource - HikariPool-8 - Start completed.
16:52:01.825 INFO  [restartedMain]org.hibernate.jpa.internal.util.LogHelper - HHH000204: Processing PersistenceUnitInfo [name: default]
16:52:01.827 INFO  [restartedMain]o.hibernate.cache.internal.RegionFactoryInitiator - HHH000026: Second-level cache disabled
16:52:01.831 INFO  [restartedMain]o.s.o.j.persistenceunit.SpringPersistenceUnitInfo - No LoadTimeWeaver setup: ignoring JPA class transformer
16:52:01.832 INFO  [restartedMain]org.hibernate.orm.connections.pooling - HHH10001005: Database info:
	Database JDBC URL [Connecting through datasource 'HikariDataSource (HikariPool-8)']
	Database driver: undefined/unknown
	Database version: 8.0.45
	Autocommit mode: undefined/unknown
	Isolation level: undefined/unknown
	Minimum pool size: undefined/unknown
	Maximum pool size: undefined/unknown
16:52:01.891 INFO  [restartedMain]o.h.e.t.jta.platform.internal.JtaPlatformInitiator - HHH000489: No JTA platform available (set 'hibernate.transaction.jta.platform' to enable JTA platform integration)
16:52:01.891 INFO  [restartedMain]o.s.orm.jpa.LocalContainerEntityManagerFactoryBean - Initialized JPA EntityManagerFactory for persistence unit 'default'
16:52:01.955 WARN  [restartedMain]o.s.b.a.o.j.JpaBaseConfiguration$JpaWebConfiguration - spring.jpa.open-in-view is enabled by default. Therefore, database queries may be performed during view rendering. Explicitly configure spring.jpa.open-in-view to disable this warning
16:52:01.995 INFO  [restartedMain]o.s.b.d.autoconfigure.OptionalLiveReloadServer - LiveReload server is running on port 35729
16:52:01.998 INFO  [restartedMain]org.apache.coyote.http11.Http11NioProtocol - Starting ProtocolHandler ["http-nio-8080"]
16:52:02.002 INFO  [restartedMain]o.s.boot.web.embedded.tomcat.TomcatWebServer - Tomcat started on port 8080 (http) with context path '/'
16:52:02.003 INFO  [restartedMain]com.example.quiz_1150119.Quiz1150119Application - Started Quiz1150119Application in 0.374 seconds (process running for 23753.465)
16:52:02.004 INFO  [restartedMain]o.s.b.d.a.ConditionEvaluationDeltaLoggingListener - Condition evaluation unchanged
16:53:43.728 INFO  [File Watcher]o.s.b.d.a.LocalDevToolsAutoConfiguration$RestartingClassPathChangeChangedEventListener - Restarting due to 4 class path changes (0 additions, 0 deletions, 4 modifications)
16:53:43.730 INFO  [Thread-31]o.s.boot.web.embedded.tomcat.GracefulShutdown - Commencing graceful shutdown. Waiting for active requests to complete
16:53:43.730 INFO  [tomcat-shutdown]org.apache.coyote.http11.Http11NioProtocol - Pausing ProtocolHandler ["http-nio-8080"]
16:53:43.867 INFO  [tomcat-shutdown]o.s.boot.web.embedded.tomcat.GracefulShutdown - Graceful shutdown complete
16:53:43.867 INFO  [Thread-31]org.apache.coyote.http11.Http11NioProtocol - Stopping ProtocolHandler ["http-nio-8080"]
16:53:43.868 INFO  [Thread-31]o.s.orm.jpa.LocalContainerEntityManagerFactoryBean - Closing JPA EntityManagerFactory for persistence unit 'default'
16:53:43.869 INFO  [Thread-31]com.zaxxer.hikari.HikariDataSource - HikariPool-8 - Shutdown initiated...
16:53:43.871 INFO  [Thread-31]com.zaxxer.hikari.HikariDataSource - HikariPool-8 - Shutdown completed.
16:53:43.923 INFO  [restartedMain]com.example.quiz_1150119.Quiz1150119Application - Starting Quiz1150119Application using Java 17.0.18 with PID 20856 (C:\Users\yoyo\eclipse-workspace\quiz_1150119\bin\main started by yoyo in C:\Users\yoyo\eclipse-workspace\quiz_1150119)
16:53:43.923 INFO  [restartedMain]com.example.quiz_1150119.Quiz1150119Application - No active profile set, falling back to 1 default profile: "default"
16:53:44.008 INFO  [restartedMain]o.s.d.r.config.RepositoryConfigurationDelegate - Bootstrapping Spring Data JPA repositories in DEFAULT mode.
16:53:44.020 INFO  [restartedMain]o.s.d.r.config.RepositoryConfigurationDelegate - Finished Spring Data repository scanning in 10 ms. Found 4 JPA repository interfaces.
16:53:44.057 INFO  [restartedMain]o.s.boot.web.embedded.tomcat.TomcatWebServer - Tomcat initialized with port 8080 (http)
16:53:44.057 INFO  [restartedMain]org.apache.coyote.http11.Http11NioProtocol - Initializing ProtocolHandler ["http-nio-8080"]
16:53:44.057 INFO  [restartedMain]org.apache.catalina.core.StandardService - Starting service [Tomcat]
16:53:44.057 INFO  [restartedMain]org.apache.catalina.core.StandardEngine - Starting Servlet engine: [Apache Tomcat/10.1.53]
16:53:44.071 INFO  [restartedMain]o.a.c.core.ContainerBase.[Tomcat].[localhost].[/] - Initializing Spring embedded WebApplicationContext
16:53:44.071 INFO  [restartedMain]o.s.b.w.s.c.ServletWebServerApplicationContext - Root WebApplicationContext: initialization completed in 147 ms
16:53:44.086 INFO  [restartedMain]com.zaxxer.hikari.HikariDataSource - HikariPool-9 - Starting...
16:53:44.089 INFO  [restartedMain]com.zaxxer.hikari.pool.HikariPool - HikariPool-9 - Added connection com.mysql.cj.jdbc.ConnectionImpl@4236110c
16:53:44.090 INFO  [restartedMain]com.zaxxer.hikari.HikariDataSource - HikariPool-9 - Start completed.
16:53:44.090 INFO  [restartedMain]org.hibernate.jpa.internal.util.LogHelper - HHH000204: Processing PersistenceUnitInfo [name: default]
16:53:44.092 INFO  [restartedMain]o.hibernate.cache.internal.RegionFactoryInitiator - HHH000026: Second-level cache disabled
16:53:44.096 INFO  [restartedMain]o.s.o.j.persistenceunit.SpringPersistenceUnitInfo - No LoadTimeWeaver setup: ignoring JPA class transformer
16:53:44.098 INFO  [restartedMain]org.hibernate.orm.connections.pooling - HHH10001005: Database info:
	Database JDBC URL [Connecting through datasource 'HikariDataSource (HikariPool-9)']
	Database driver: undefined/unknown
	Database version: 8.0.45
	Autocommit mode: undefined/unknown
	Isolation level: undefined/unknown
	Minimum pool size: undefined/unknown
	Maximum pool size: undefined/unknown
16:53:44.152 INFO  [restartedMain]o.h.e.t.jta.platform.internal.JtaPlatformInitiator - HHH000489: No JTA platform available (set 'hibernate.transaction.jta.platform' to enable JTA platform integration)
16:53:44.152 INFO  [restartedMain]o.s.orm.jpa.LocalContainerEntityManagerFactoryBean - Initialized JPA EntityManagerFactory for persistence unit 'default'
16:53:44.204 WARN  [restartedMain]o.s.b.a.o.j.JpaBaseConfiguration$JpaWebConfiguration - spring.jpa.open-in-view is enabled by default. Therefore, database queries may be performed during view rendering. Explicitly configure spring.jpa.open-in-view to disable this warning
16:53:44.233 INFO  [restartedMain]o.s.b.d.autoconfigure.OptionalLiveReloadServer - LiveReload server is running on port 35729
16:53:44.235 INFO  [restartedMain]org.apache.coyote.http11.Http11NioProtocol - Starting ProtocolHandler ["http-nio-8080"]
16:53:44.238 INFO  [restartedMain]o.s.boot.web.embedded.tomcat.TomcatWebServer - Tomcat started on port 8080 (http) with context path '/'
16:53:44.240 INFO  [restartedMain]com.example.quiz_1150119.Quiz1150119Application - Started Quiz1150119Application in 0.334 seconds (process running for 23855.702)
16:53:44.241 INFO  [restartedMain]o.s.b.d.a.ConditionEvaluationDeltaLoggingListener - Condition evaluation unchanged
16:54:03.131 INFO  [File Watcher]o.s.b.d.a.LocalDevToolsAutoConfiguration$RestartingClassPathChangeChangedEventListener - Restarting due to 2 class path changes (0 additions, 0 deletions, 2 modifications)
16:54:03.132 INFO  [Thread-35]o.s.boot.web.embedded.tomcat.GracefulShutdown - Commencing graceful shutdown. Waiting for active requests to complete
16:54:03.132 INFO  [tomcat-shutdown]org.apache.coyote.http11.Http11NioProtocol - Pausing ProtocolHandler ["http-nio-8080"]
16:54:03.272 INFO  [tomcat-shutdown]o.s.boot.web.embedded.tomcat.GracefulShutdown - Graceful shutdown complete
16:54:03.273 INFO  [Thread-35]org.apache.coyote.http11.Http11NioProtocol - Stopping ProtocolHandler ["http-nio-8080"]
16:54:03.274 INFO  [Thread-35]o.s.orm.jpa.LocalContainerEntityManagerFactoryBean - Closing JPA EntityManagerFactory for persistence unit 'default'
16:54:03.274 INFO  [Thread-35]com.zaxxer.hikari.HikariDataSource - HikariPool-9 - Shutdown initiated...
16:54:03.277 INFO  [Thread-35]com.zaxxer.hikari.HikariDataSource - HikariPool-9 - Shutdown completed.
16:54:03.330 INFO  [restartedMain]com.example.quiz_1150119.Quiz1150119Application - Starting Quiz1150119Application using Java 17.0.18 with PID 20856 (C:\Users\yoyo\eclipse-workspace\quiz_1150119\bin\main started by yoyo in C:\Users\yoyo\eclipse-workspace\quiz_1150119)
16:54:03.330 INFO  [restartedMain]com.example.quiz_1150119.Quiz1150119Application - No active profile set, falling back to 1 default profile: "default"
16:54:03.412 INFO  [restartedMain]o.s.d.r.config.RepositoryConfigurationDelegate - Bootstrapping Spring Data JPA repositories in DEFAULT mode.
16:54:03.428 INFO  [restartedMain]o.s.d.r.config.RepositoryConfigurationDelegate - Finished Spring Data repository scanning in 15 ms. Found 4 JPA repository interfaces.
16:54:03.465 INFO  [restartedMain]o.s.boot.web.embedded.tomcat.TomcatWebServer - Tomcat initialized with port 8080 (http)
16:54:03.466 INFO  [restartedMain]org.apache.coyote.http11.Http11NioProtocol - Initializing ProtocolHandler ["http-nio-8080"]
16:54:03.466 INFO  [restartedMain]org.apache.catalina.core.StandardService - Starting service [Tomcat]
16:54:03.466 INFO  [restartedMain]org.apache.catalina.core.StandardEngine - Starting Servlet engine: [Apache Tomcat/10.1.53]
16:54:03.482 INFO  [restartedMain]o.a.c.core.ContainerBase.[Tomcat].[localhost].[/] - Initializing Spring embedded WebApplicationContext
16:54:03.482 INFO  [restartedMain]o.s.b.w.s.c.ServletWebServerApplicationContext - Root WebApplicationContext: initialization completed in 151 ms
16:54:03.497 INFO  [restartedMain]com.zaxxer.hikari.HikariDataSource - HikariPool-10 - Starting...
16:54:03.501 INFO  [restartedMain]com.zaxxer.hikari.pool.HikariPool - HikariPool-10 - Added connection com.mysql.cj.jdbc.ConnectionImpl@3ab97b2a
16:54:03.501 INFO  [restartedMain]com.zaxxer.hikari.HikariDataSource - HikariPool-10 - Start completed.
16:54:03.502 INFO  [restartedMain]org.hibernate.jpa.internal.util.LogHelper - HHH000204: Processing PersistenceUnitInfo [name: default]
16:54:03.503 INFO  [restartedMain]o.hibernate.cache.internal.RegionFactoryInitiator - HHH000026: Second-level cache disabled
16:54:03.511 INFO  [restartedMain]o.s.o.j.persistenceunit.SpringPersistenceUnitInfo - No LoadTimeWeaver setup: ignoring JPA class transformer
16:54:03.513 INFO  [restartedMain]org.hibernate.orm.connections.pooling - HHH10001005: Database info:
	Database JDBC URL [Connecting through datasource 'HikariDataSource (HikariPool-10)']
	Database driver: undefined/unknown
	Database version: 8.0.45
	Autocommit mode: undefined/unknown
	Isolation level: undefined/unknown
	Minimum pool size: undefined/unknown
	Maximum pool size: undefined/unknown
16:54:03.566 INFO  [restartedMain]o.h.e.t.jta.platform.internal.JtaPlatformInitiator - HHH000489: No JTA platform available (set 'hibernate.transaction.jta.platform' to enable JTA platform integration)
16:54:03.566 INFO  [restartedMain]o.s.orm.jpa.LocalContainerEntityManagerFactoryBean - Initialized JPA EntityManagerFactory for persistence unit 'default'
16:54:03.636 WARN  [restartedMain]o.s.b.a.o.j.JpaBaseConfiguration$JpaWebConfiguration - spring.jpa.open-in-view is enabled by default. Therefore, database queries may be performed during view rendering. Explicitly configure spring.jpa.open-in-view to disable this warning
16:54:03.675 INFO  [restartedMain]o.s.b.d.autoconfigure.OptionalLiveReloadServer - LiveReload server is running on port 35729
16:54:03.678 INFO  [restartedMain]org.apache.coyote.http11.Http11NioProtocol - Starting ProtocolHandler ["http-nio-8080"]
16:54:03.681 INFO  [restartedMain]o.s.boot.web.embedded.tomcat.TomcatWebServer - Tomcat started on port 8080 (http) with context path '/'
16:54:03.683 INFO  [restartedMain]com.example.quiz_1150119.Quiz1150119Application - Started Quiz1150119Application in 0.368 seconds (process running for 23875.145)
16:54:03.683 INFO  [restartedMain]o.s.b.d.a.ConditionEvaluationDeltaLoggingListener - Condition evaluation unchanged
16:54:54.207 INFO  [File Watcher]o.s.b.d.a.LocalDevToolsAutoConfiguration$RestartingClassPathChangeChangedEventListener - Restarting due to 1 class path change (0 additions, 0 deletions, 1 modification)
16:54:54.212 INFO  [Thread-39]o.s.boot.web.embedded.tomcat.GracefulShutdown - Commencing graceful shutdown. Waiting for active requests to complete
16:54:54.213 INFO  [tomcat-shutdown]org.apache.coyote.http11.Http11NioProtocol - Pausing ProtocolHandler ["http-nio-8080"]
16:54:54.352 INFO  [tomcat-shutdown]o.s.boot.web.embedded.tomcat.GracefulShutdown - Graceful shutdown complete
16:54:54.352 INFO  [Thread-39]org.apache.coyote.http11.Http11NioProtocol - Stopping ProtocolHandler ["http-nio-8080"]
16:54:54.353 INFO  [Thread-39]o.s.orm.jpa.LocalContainerEntityManagerFactoryBean - Closing JPA EntityManagerFactory for persistence unit 'default'
16:54:54.354 INFO  [Thread-39]com.zaxxer.hikari.HikariDataSource - HikariPool-10 - Shutdown initiated...
16:54:54.355 INFO  [Thread-39]com.zaxxer.hikari.HikariDataSource - HikariPool-10 - Shutdown completed.
16:54:54.409 INFO  [restartedMain]com.example.quiz_1150119.Quiz1150119Application - Starting Quiz1150119Application using Java 17.0.18 with PID 20856 (C:\Users\yoyo\eclipse-workspace\quiz_1150119\bin\main started by yoyo in C:\Users\yoyo\eclipse-workspace\quiz_1150119)
16:54:54.409 INFO  [restartedMain]com.example.quiz_1150119.Quiz1150119Application - No active profile set, falling back to 1 default profile: "default"
16:54:54.487 INFO  [restartedMain]o.s.d.r.config.RepositoryConfigurationDelegate - Bootstrapping Spring Data JPA repositories in DEFAULT mode.
16:54:54.498 INFO  [restartedMain]o.s.d.r.config.RepositoryConfigurationDelegate - Finished Spring Data repository scanning in 10 ms. Found 4 JPA repository interfaces.
16:54:54.529 INFO  [restartedMain]o.s.boot.web.embedded.tomcat.TomcatWebServer - Tomcat initialized with port 8080 (http)
16:54:54.530 INFO  [restartedMain]org.apache.coyote.http11.Http11NioProtocol - Initializing ProtocolHandler ["http-nio-8080"]
16:54:54.530 INFO  [restartedMain]org.apache.catalina.core.StandardService - Starting service [Tomcat]
16:54:54.530 INFO  [restartedMain]org.apache.catalina.core.StandardEngine - Starting Servlet engine: [Apache Tomcat/10.1.53]
16:54:54.542 INFO  [restartedMain]o.a.c.core.ContainerBase.[Tomcat].[localhost].[/] - Initializing Spring embedded WebApplicationContext
16:54:54.542 INFO  [restartedMain]o.s.b.w.s.c.ServletWebServerApplicationContext - Root WebApplicationContext: initialization completed in 132 ms
16:54:54.555 INFO  [restartedMain]com.zaxxer.hikari.HikariDataSource - HikariPool-11 - Starting...
16:54:54.559 INFO  [restartedMain]com.zaxxer.hikari.pool.HikariPool - HikariPool-11 - Added connection com.mysql.cj.jdbc.ConnectionImpl@fd442de
16:54:54.559 INFO  [restartedMain]com.zaxxer.hikari.HikariDataSource - HikariPool-11 - Start completed.
16:54:54.560 INFO  [restartedMain]org.hibernate.jpa.internal.util.LogHelper - HHH000204: Processing PersistenceUnitInfo [name: default]
16:54:54.562 INFO  [restartedMain]o.hibernate.cache.internal.RegionFactoryInitiator - HHH000026: Second-level cache disabled
16:54:54.566 INFO  [restartedMain]o.s.o.j.persistenceunit.SpringPersistenceUnitInfo - No LoadTimeWeaver setup: ignoring JPA class transformer
16:54:54.567 INFO  [restartedMain]org.hibernate.orm.connections.pooling - HHH10001005: Database info:
	Database JDBC URL [Connecting through datasource 'HikariDataSource (HikariPool-11)']
	Database driver: undefined/unknown
	Database version: 8.0.45
	Autocommit mode: undefined/unknown
	Isolation level: undefined/unknown
	Minimum pool size: undefined/unknown
	Maximum pool size: undefined/unknown
16:54:54.609 INFO  [restartedMain]o.h.e.t.jta.platform.internal.JtaPlatformInitiator - HHH000489: No JTA platform available (set 'hibernate.transaction.jta.platform' to enable JTA platform integration)
16:54:54.610 INFO  [restartedMain]o.s.orm.jpa.LocalContainerEntityManagerFactoryBean - Initialized JPA EntityManagerFactory for persistence unit 'default'
16:54:54.665 WARN  [restartedMain]o.s.b.a.o.j.JpaBaseConfiguration$JpaWebConfiguration - spring.jpa.open-in-view is enabled by default. Therefore, database queries may be performed during view rendering. Explicitly configure spring.jpa.open-in-view to disable this warning
16:54:54.698 INFO  [restartedMain]o.s.b.d.autoconfigure.OptionalLiveReloadServer - LiveReload server is running on port 35729
16:54:54.700 INFO  [restartedMain]org.apache.coyote.http11.Http11NioProtocol - Starting ProtocolHandler ["http-nio-8080"]
16:54:54.703 INFO  [restartedMain]o.s.boot.web.embedded.tomcat.TomcatWebServer - Tomcat started on port 8080 (http) with context path '/'
16:54:54.704 INFO  [restartedMain]com.example.quiz_1150119.Quiz1150119Application - Started Quiz1150119Application in 0.311 seconds (process running for 23926.166)
16:54:54.705 INFO  [restartedMain]o.s.b.d.a.ConditionEvaluationDeltaLoggingListener - Condition evaluation unchanged
16:55:49.554 INFO  [File Watcher]o.s.b.d.a.LocalDevToolsAutoConfiguration$RestartingClassPathChangeChangedEventListener - Restarting due to 1 class path change (0 additions, 0 deletions, 1 modification)
16:55:49.555 INFO  [Thread-43]o.s.boot.web.embedded.tomcat.GracefulShutdown - Commencing graceful shutdown. Waiting for active requests to complete
16:55:49.555 INFO  [tomcat-shutdown]org.apache.coyote.http11.Http11NioProtocol - Pausing ProtocolHandler ["http-nio-8080"]
16:55:49.696 INFO  [tomcat-shutdown]o.s.boot.web.embedded.tomcat.GracefulShutdown - Graceful shutdown complete
16:55:49.696 INFO  [Thread-43]org.apache.coyote.http11.Http11NioProtocol - Stopping ProtocolHandler ["http-nio-8080"]
16:55:49.697 INFO  [Thread-43]o.s.orm.jpa.LocalContainerEntityManagerFactoryBean - Closing JPA EntityManagerFactory for persistence unit 'default'
16:55:49.697 INFO  [Thread-43]com.zaxxer.hikari.HikariDataSource - HikariPool-11 - Shutdown initiated...
16:55:49.700 INFO  [Thread-43]com.zaxxer.hikari.HikariDataSource - HikariPool-11 - Shutdown completed.
16:55:49.756 INFO  [restartedMain]com.example.quiz_1150119.Quiz1150119Application - Starting Quiz1150119Application using Java 17.0.18 with PID 20856 (C:\Users\yoyo\eclipse-workspace\quiz_1150119\bin\main started by yoyo in C:\Users\yoyo\eclipse-workspace\quiz_1150119)
16:55:49.756 INFO  [restartedMain]com.example.quiz_1150119.Quiz1150119Application - No active profile set, falling back to 1 default profile: "default"
16:55:49.836 INFO  [restartedMain]o.s.d.r.config.RepositoryConfigurationDelegate - Bootstrapping Spring Data JPA repositories in DEFAULT mode.
16:55:49.848 INFO  [restartedMain]o.s.d.r.config.RepositoryConfigurationDelegate - Finished Spring Data repository scanning in 11 ms. Found 4 JPA repository interfaces.
16:55:49.884 INFO  [restartedMain]o.s.boot.web.embedded.tomcat.TomcatWebServer - Tomcat initialized with port 8080 (http)
16:55:49.884 INFO  [restartedMain]org.apache.coyote.http11.Http11NioProtocol - Initializing ProtocolHandler ["http-nio-8080"]
16:55:49.884 INFO  [restartedMain]org.apache.catalina.core.StandardService - Starting service [Tomcat]
16:55:49.884 INFO  [restartedMain]org.apache.catalina.core.StandardEngine - Starting Servlet engine: [Apache Tomcat/10.1.53]
16:55:49.898 INFO  [restartedMain]o.a.c.core.ContainerBase.[Tomcat].[localhost].[/] - Initializing Spring embedded WebApplicationContext
16:55:49.898 INFO  [restartedMain]o.s.b.w.s.c.ServletWebServerApplicationContext - Root WebApplicationContext: initialization completed in 141 ms
16:55:49.909 INFO  [restartedMain]com.zaxxer.hikari.HikariDataSource - HikariPool-12 - Starting...
16:55:49.914 INFO  [restartedMain]com.zaxxer.hikari.pool.HikariPool - HikariPool-12 - Added connection com.mysql.cj.jdbc.ConnectionImpl@c524485
16:55:49.914 INFO  [restartedMain]com.zaxxer.hikari.HikariDataSource - HikariPool-12 - Start completed.
16:55:49.915 INFO  [restartedMain]org.hibernate.jpa.internal.util.LogHelper - HHH000204: Processing PersistenceUnitInfo [name: default]
16:55:49.917 INFO  [restartedMain]o.hibernate.cache.internal.RegionFactoryInitiator - HHH000026: Second-level cache disabled
16:55:49.925 INFO  [restartedMain]o.s.o.j.persistenceunit.SpringPersistenceUnitInfo - No LoadTimeWeaver setup: ignoring JPA class transformer
16:55:49.927 INFO  [restartedMain]org.hibernate.orm.connections.pooling - HHH10001005: Database info:
	Database JDBC URL [Connecting through datasource 'HikariDataSource (HikariPool-12)']
	Database driver: undefined/unknown
	Database version: 8.0.45
	Autocommit mode: undefined/unknown
	Isolation level: undefined/unknown
	Minimum pool size: undefined/unknown
	Maximum pool size: undefined/unknown
16:55:49.981 INFO  [restartedMain]o.h.e.t.jta.platform.internal.JtaPlatformInitiator - HHH000489: No JTA platform available (set 'hibernate.transaction.jta.platform' to enable JTA platform integration)
16:55:49.981 INFO  [restartedMain]o.s.orm.jpa.LocalContainerEntityManagerFactoryBean - Initialized JPA EntityManagerFactory for persistence unit 'default'
16:55:50.032 WARN  [restartedMain]o.s.b.a.o.j.JpaBaseConfiguration$JpaWebConfiguration - spring.jpa.open-in-view is enabled by default. Therefore, database queries may be performed during view rendering. Explicitly configure spring.jpa.open-in-view to disable this warning
16:55:50.064 INFO  [restartedMain]o.s.b.d.autoconfigure.OptionalLiveReloadServer - LiveReload server is running on port 35729
16:55:50.066 INFO  [restartedMain]org.apache.coyote.http11.Http11NioProtocol - Starting ProtocolHandler ["http-nio-8080"]
16:55:50.068 INFO  [restartedMain]o.s.boot.web.embedded.tomcat.TomcatWebServer - Tomcat started on port 8080 (http) with context path '/'
16:55:50.070 INFO  [restartedMain]com.example.quiz_1150119.Quiz1150119Application - Started Quiz1150119Application in 0.33 seconds (process running for 23981.532)
16:55:50.070 INFO  [restartedMain]o.s.b.d.a.ConditionEvaluationDeltaLoggingListener - Condition evaluation unchanged
16:56:55.021 INFO  [File Watcher]o.s.b.d.a.LocalDevToolsAutoConfiguration$RestartingClassPathChangeChangedEventListener - Restarting due to 2 class path changes (0 additions, 0 deletions, 2 modifications)
16:56:55.021 INFO  [Thread-47]o.s.boot.web.embedded.tomcat.GracefulShutdown - Commencing graceful shutdown. Waiting for active requests to complete
16:56:55.022 INFO  [tomcat-shutdown]org.apache.coyote.http11.Http11NioProtocol - Pausing ProtocolHandler ["http-nio-8080"]
16:56:55.195 INFO  [tomcat-shutdown]o.s.boot.web.embedded.tomcat.GracefulShutdown - Graceful shutdown complete
16:56:55.195 INFO  [Thread-47]org.apache.coyote.http11.Http11NioProtocol - Stopping ProtocolHandler ["http-nio-8080"]
16:56:55.197 INFO  [Thread-47]o.s.orm.jpa.LocalContainerEntityManagerFactoryBean - Closing JPA EntityManagerFactory for persistence unit 'default'
16:56:55.198 INFO  [Thread-47]com.zaxxer.hikari.HikariDataSource - HikariPool-12 - Shutdown initiated...
16:56:55.200 INFO  [Thread-47]com.zaxxer.hikari.HikariDataSource - HikariPool-12 - Shutdown completed.
16:56:55.258 INFO  [restartedMain]com.example.quiz_1150119.Quiz1150119Application - Starting Quiz1150119Application using Java 17.0.18 with PID 20856 (C:\Users\yoyo\eclipse-workspace\quiz_1150119\bin\main started by yoyo in C:\Users\yoyo\eclipse-workspace\quiz_1150119)
16:56:55.258 INFO  [restartedMain]com.example.quiz_1150119.Quiz1150119Application - No active profile set, falling back to 1 default profile: "default"
16:56:55.349 INFO  [restartedMain]o.s.d.r.config.RepositoryConfigurationDelegate - Bootstrapping Spring Data JPA repositories in DEFAULT mode.
16:56:55.362 INFO  [restartedMain]o.s.d.r.config.RepositoryConfigurationDelegate - Finished Spring Data repository scanning in 11 ms. Found 4 JPA repository interfaces.
16:56:55.394 INFO  [restartedMain]o.s.boot.web.embedded.tomcat.TomcatWebServer - Tomcat initialized with port 8080 (http)
16:56:55.395 INFO  [restartedMain]org.apache.coyote.http11.Http11NioProtocol - Initializing ProtocolHandler ["http-nio-8080"]
16:56:55.395 INFO  [restartedMain]org.apache.catalina.core.StandardService - Starting service [Tomcat]
16:56:55.395 INFO  [restartedMain]org.apache.catalina.core.StandardEngine - Starting Servlet engine: [Apache Tomcat/10.1.53]
16:56:55.409 INFO  [restartedMain]o.a.c.core.ContainerBase.[Tomcat].[localhost].[/] - Initializing Spring embedded WebApplicationContext
16:56:55.409 INFO  [restartedMain]o.s.b.w.s.c.ServletWebServerApplicationContext - Root WebApplicationContext: initialization completed in 149 ms
16:56:55.423 INFO  [restartedMain]com.zaxxer.hikari.HikariDataSource - HikariPool-13 - Starting...
16:56:55.426 INFO  [restartedMain]com.zaxxer.hikari.pool.HikariPool - HikariPool-13 - Added connection com.mysql.cj.jdbc.ConnectionImpl@4a9dcc03
16:56:55.426 INFO  [restartedMain]com.zaxxer.hikari.HikariDataSource - HikariPool-13 - Start completed.
16:56:55.427 INFO  [restartedMain]org.hibernate.jpa.internal.util.LogHelper - HHH000204: Processing PersistenceUnitInfo [name: default]
16:56:55.429 INFO  [restartedMain]o.hibernate.cache.internal.RegionFactoryInitiator - HHH000026: Second-level cache disabled
16:56:55.433 INFO  [restartedMain]o.s.o.j.persistenceunit.SpringPersistenceUnitInfo - No LoadTimeWeaver setup: ignoring JPA class transformer
16:56:55.436 INFO  [restartedMain]org.hibernate.orm.connections.pooling - HHH10001005: Database info:
	Database JDBC URL [Connecting through datasource 'HikariDataSource (HikariPool-13)']
	Database driver: undefined/unknown
	Database version: 8.0.45
	Autocommit mode: undefined/unknown
	Isolation level: undefined/unknown
	Minimum pool size: undefined/unknown
	Maximum pool size: undefined/unknown
16:56:55.490 INFO  [restartedMain]o.h.e.t.jta.platform.internal.JtaPlatformInitiator - HHH000489: No JTA platform available (set 'hibernate.transaction.jta.platform' to enable JTA platform integration)
16:56:55.490 INFO  [restartedMain]o.s.orm.jpa.LocalContainerEntityManagerFactoryBean - Initialized JPA EntityManagerFactory for persistence unit 'default'
16:56:55.559 WARN  [restartedMain]o.s.b.a.o.j.JpaBaseConfiguration$JpaWebConfiguration - spring.jpa.open-in-view is enabled by default. Therefore, database queries may be performed during view rendering. Explicitly configure spring.jpa.open-in-view to disable this warning
16:56:55.599 INFO  [restartedMain]o.s.b.d.autoconfigure.OptionalLiveReloadServer - LiveReload server is running on port 35729
16:56:55.602 INFO  [restartedMain]org.apache.coyote.http11.Http11NioProtocol - Starting ProtocolHandler ["http-nio-8080"]
16:56:55.605 INFO  [restartedMain]o.s.boot.web.embedded.tomcat.TomcatWebServer - Tomcat started on port 8080 (http) with context path '/'
16:56:55.607 INFO  [restartedMain]com.example.quiz_1150119.Quiz1150119Application - Started Quiz1150119Application in 0.364 seconds (process running for 24047.069)
16:56:55.609 INFO  [restartedMain]o.s.b.d.a.ConditionEvaluationDeltaLoggingListener - Condition evaluation unchanged
16:57:41.175 INFO  [File Watcher]o.s.b.d.a.LocalDevToolsAutoConfiguration$RestartingClassPathChangeChangedEventListener - Restarting due to 1 class path change (0 additions, 0 deletions, 1 modification)
16:57:41.175 INFO  [Thread-51]o.s.boot.web.embedded.tomcat.GracefulShutdown - Commencing graceful shutdown. Waiting for active requests to complete
16:57:41.176 INFO  [tomcat-shutdown]org.apache.coyote.http11.Http11NioProtocol - Pausing ProtocolHandler ["http-nio-8080"]
16:57:41.318 INFO  [tomcat-shutdown]o.s.boot.web.embedded.tomcat.GracefulShutdown - Graceful shutdown complete
16:57:41.318 INFO  [Thread-51]org.apache.coyote.http11.Http11NioProtocol - Stopping ProtocolHandler ["http-nio-8080"]
16:57:41.319 INFO  [Thread-51]o.s.orm.jpa.LocalContainerEntityManagerFactoryBean - Closing JPA EntityManagerFactory for persistence unit 'default'
16:57:41.320 INFO  [Thread-51]com.zaxxer.hikari.HikariDataSource - HikariPool-13 - Shutdown initiated...
16:57:41.321 INFO  [Thread-51]com.zaxxer.hikari.HikariDataSource - HikariPool-13 - Shutdown completed.
16:57:41.378 INFO  [restartedMain]com.example.quiz_1150119.Quiz1150119Application - Starting Quiz1150119Application using Java 17.0.18 with PID 20856 (C:\Users\yoyo\eclipse-workspace\quiz_1150119\bin\main started by yoyo in C:\Users\yoyo\eclipse-workspace\quiz_1150119)
16:57:41.378 INFO  [restartedMain]com.example.quiz_1150119.Quiz1150119Application - No active profile set, falling back to 1 default profile: "default"
16:57:41.483 INFO  [restartedMain]o.s.d.r.config.RepositoryConfigurationDelegate - Bootstrapping Spring Data JPA repositories in DEFAULT mode.
16:57:41.495 INFO  [restartedMain]o.s.d.r.config.RepositoryConfigurationDelegate - Finished Spring Data repository scanning in 10 ms. Found 4 JPA repository interfaces.
16:57:41.527 INFO  [restartedMain]o.s.boot.web.embedded.tomcat.TomcatWebServer - Tomcat initialized with port 8080 (http)
16:57:41.527 INFO  [restartedMain]org.apache.coyote.http11.Http11NioProtocol - Initializing ProtocolHandler ["http-nio-8080"]
16:57:41.527 INFO  [restartedMain]org.apache.catalina.core.StandardService - Starting service [Tomcat]
16:57:41.527 INFO  [restartedMain]org.apache.catalina.core.StandardEngine - Starting Servlet engine: [Apache Tomcat/10.1.53]
16:57:41.540 INFO  [restartedMain]o.a.c.core.ContainerBase.[Tomcat].[localhost].[/] - Initializing Spring embedded WebApplicationContext
16:57:41.540 INFO  [restartedMain]o.s.b.w.s.c.ServletWebServerApplicationContext - Root WebApplicationContext: initialization completed in 162 ms
16:57:41.553 INFO  [restartedMain]com.zaxxer.hikari.HikariDataSource - HikariPool-14 - Starting...
16:57:41.556 INFO  [restartedMain]com.zaxxer.hikari.pool.HikariPool - HikariPool-14 - Added connection com.mysql.cj.jdbc.ConnectionImpl@78196e87
16:57:41.556 INFO  [restartedMain]com.zaxxer.hikari.HikariDataSource - HikariPool-14 - Start completed.
16:57:41.557 INFO  [restartedMain]org.hibernate.jpa.internal.util.LogHelper - HHH000204: Processing PersistenceUnitInfo [name: default]
16:57:41.558 INFO  [restartedMain]o.hibernate.cache.internal.RegionFactoryInitiator - HHH000026: Second-level cache disabled
16:57:41.562 INFO  [restartedMain]o.s.o.j.persistenceunit.SpringPersistenceUnitInfo - No LoadTimeWeaver setup: ignoring JPA class transformer
16:57:41.564 INFO  [restartedMain]org.hibernate.orm.connections.pooling - HHH10001005: Database info:
	Database JDBC URL [Connecting through datasource 'HikariDataSource (HikariPool-14)']
	Database driver: undefined/unknown
	Database version: 8.0.45
	Autocommit mode: undefined/unknown
	Isolation level: undefined/unknown
	Minimum pool size: undefined/unknown
	Maximum pool size: undefined/unknown
16:57:41.604 INFO  [restartedMain]o.h.e.t.jta.platform.internal.JtaPlatformInitiator - HHH000489: No JTA platform available (set 'hibernate.transaction.jta.platform' to enable JTA platform integration)
16:57:41.604 INFO  [restartedMain]o.s.orm.jpa.LocalContainerEntityManagerFactoryBean - Initialized JPA EntityManagerFactory for persistence unit 'default'
16:57:41.671 WARN  [restartedMain]o.s.b.a.o.j.JpaBaseConfiguration$JpaWebConfiguration - spring.jpa.open-in-view is enabled by default. Therefore, database queries may be performed during view rendering. Explicitly configure spring.jpa.open-in-view to disable this warning
16:57:41.699 INFO  [restartedMain]o.s.b.d.autoconfigure.OptionalLiveReloadServer - LiveReload server is running on port 35729
16:57:41.701 INFO  [restartedMain]org.apache.coyote.http11.Http11NioProtocol - Starting ProtocolHandler ["http-nio-8080"]
16:57:41.703 INFO  [restartedMain]o.s.boot.web.embedded.tomcat.TomcatWebServer - Tomcat started on port 8080 (http) with context path '/'
16:57:41.706 INFO  [restartedMain]com.example.quiz_1150119.Quiz1150119Application - Started Quiz1150119Application in 0.343 seconds (process running for 24093.167)
16:57:41.706 INFO  [restartedMain]o.s.b.d.a.ConditionEvaluationDeltaLoggingListener - Condition evaluation unchanged
